<?xml version="1.0" encoding="UTF-8"?>
<robot generator="Robot 4.1.3 (Python 3.7.5 on win32)" generated="20220308 16:08:49.407" rpa="true" schemaversion="2">
<suite id="s1" name="Tasks" source="d:\04 - corsi\RPA-RobotFramework\robot1\tasks.robot">
<test id="s1-t1" name="Order robots from RobotSpareBin Industries Inc">
<kw name="Set up directories">
<kw name="Create Directory" library="RPA.FileSystem">
<arg>${PDF_TEMP_OUTPUT_DIRECTORY}</arg>
<doc>Creates a directory and (optionally) non-existing parent directories.</doc>
<status status="PASS" starttime="20220308 16:08:51.724" endtime="20220308 16:08:51.726"/>
</kw>
<status status="PASS" starttime="20220308 16:08:51.721" endtime="20220308 16:08:51.727"/>
</kw>
<kw name="Open the robot order website">
<kw name="Get Secret" library="RPA.Robocorp.Vault">
<var>${secret}</var>
<arg>url</arg>
<doc>Read a secret from the configured source, e.g. Robocorp Vault,
and return it as a ``Secret`` object.</doc>
<msg timestamp="20220308 16:08:54.924" level="INFO">Protecting keyword: RPA.Robocorp.Vault.Get Secret</msg>
<msg timestamp="20220308 16:08:54.932" level="INFO">Log level changed from NONE to INFO.</msg>
<status status="FAIL" starttime="20220308 16:08:51.732" endtime="20220308 16:08:54.931"/>
</kw>
<kw name="Open Available Browser" library="RPA.Browser.Selenium">
<arg>${secret}[url]</arg>
<doc>Attempts to open a browser on the user's device from a set of
supported browsers. Automatically downloads a corresponding webdriver
if none is already installed.</doc>
<status status="NOT RUN" starttime="20220308 16:08:54.933" endtime="20220308 16:08:54.934"/>
</kw>
<kw name="Click Link" library="RPA.Browser.Selenium">
<arg>xpath=//a[@href="#/robot-order"]</arg>
<doc>Clicks a link identified by ``locator``.</doc>
<status status="NOT RUN" starttime="20220308 16:08:54.935" endtime="20220308 16:08:54.936"/>
</kw>
<status status="FAIL" starttime="20220308 16:08:51.729" endtime="20220308 16:08:54.939"/>
</kw>
<kw name="Get Orders">
<var>${orders}</var>
<status status="NOT RUN" starttime="20220308 16:08:54.942" endtime="20220308 16:08:54.942"/>
</kw>
<kw name="Log" library="BuiltIn">
<arg>Found columns: ${orders.columns}</arg>
<doc>Logs the given message with the given level.</doc>
<status status="NOT RUN" starttime="20220308 16:08:54.944" endtime="20220308 16:08:54.945"/>
</kw>
<for flavor="IN">
<var>${row}</var>
<value>@{orders}</value>
<iter>
<var name="${row}">${row}</var>
<kw name="Log" library="BuiltIn">
<arg>row: ${row}</arg>
<doc>Logs the given message with the given level.</doc>
<status status="NOT RUN" starttime="20220308 16:08:54.951" endtime="20220308 16:08:54.952"/>
</kw>
<kw name="Close the annoying modal">
<status status="NOT RUN" starttime="20220308 16:08:54.953" endtime="20220308 16:08:54.953"/>
</kw>
<kw name="Fill the Form">
<arg>${row}</arg>
<status status="NOT RUN" starttime="20220308 16:08:54.954" endtime="20220308 16:08:54.955"/>
</kw>
<kw name="Preview the robot">
<status status="NOT RUN" starttime="20220308 16:08:54.956" endtime="20220308 16:08:54.956"/>
</kw>
<kw name="Wait Until Keyword Succeeds" library="BuiltIn">
<arg>5x</arg>
<arg>1s</arg>
<arg>Submit the order</arg>
<doc>Runs the specified keyword and retries if it fails.</doc>
<status status="NOT RUN" starttime="20220308 16:08:54.957" endtime="20220308 16:08:54.958"/>
</kw>
<kw name="Store the receipt as a PDF file">
<var>${pdf}</var>
<arg>${row}[Order number]</arg>
<status status="NOT RUN" starttime="20220308 16:08:54.959" endtime="20220308 16:08:54.961"/>
</kw>
<kw name="Take a screenshot of the the robot">
<var>${screenshot}</var>
<arg>${row}[Order number]</arg>
<status status="NOT RUN" starttime="20220308 16:08:54.963" endtime="20220308 16:08:54.964"/>
</kw>
<kw name="Embed the robot screenshot to the receipt PDF file">
<arg>${screenshot}</arg>
<arg>${pdf}</arg>
<arg>${row}[Order number]</arg>
<status status="NOT RUN" starttime="20220308 16:08:54.965" endtime="20220308 16:08:54.966"/>
</kw>
<status status="NOT RUN" starttime="20220308 16:08:54.949" endtime="20220308 16:08:54.967"/>
</iter>
<status status="NOT RUN" starttime="20220308 16:08:54.947" endtime="20220308 16:08:54.968"/>
</for>
<kw name="Create a ZIP file of the receipts">
<status status="NOT RUN" starttime="20220308 16:08:54.969" endtime="20220308 16:08:54.969"/>
</kw>
<kw name="Cleanup temporary PDF directory" type="TEARDOWN">
<kw name="Close Browser" library="RPA.Browser.Selenium">
<doc>Closes the current browser.</doc>
<status status="PASS" starttime="20220308 16:09:11.939" endtime="20220308 16:09:11.942"/>
</kw>
<kw name="Remove Directory" library="RPA.FileSystem">
<arg>${PDF_TEMP_OUTPUT_DIRECTORY}</arg>
<arg>True</arg>
<doc>Removes the given directory, and optionally everything it contains.</doc>
<status status="PASS" starttime="20220308 16:09:11.943" endtime="20220308 16:09:11.947"/>
</kw>
<status status="PASS" starttime="20220308 16:08:54.972" endtime="20220308 16:09:11.951"/>
</kw>
<status status="FAIL" starttime="20220308 16:08:51.717" endtime="20220308 16:09:11.953">TypeError: type object argument after ** must be a mapping, not str</status>
</test>
<doc>Orders robots from RobotSpareBin Industries Inc.
Saves the order HTML receipt as a PDF file.
Saves the screenshot of the ordered robot.
Embeds the screenshot of the robot to the PDF receipt.
Creates ZIP archive of the receipts and the images.</doc>
<status status="FAIL" starttime="20220308 16:08:49.414" endtime="20220308 16:09:11.961"/>
</suite>
<statistics>
<total>
<stat pass="0" fail="1" skip="0">All Tasks</stat>
</total>
<tag>
</tag>
<suite>
<stat pass="0" fail="1" skip="0" id="s1" name="Tasks">Tasks</stat>
</suite>
</statistics>
<errors>
</errors>
</robot>
